2025-05-28 20:00:45,447 - INFO - 共读取 25 条问题记录
2025-05-28 20:00:50,320 - INFO - 回答: ```json
{
  "result": "是",
  "orther": "皇儿对皇阿玛方才的话又不解。",
  "huang": "朕早就瞧出来了，你放胆说吧。"
}
```
2025-05-28 20:00:50,321 - INFO - --------------------------------------------------
2025-05-28 20:00:50,322 - INFO - clean_response: 
{
  "result": "是",
  "orther": "皇儿对皇阿玛方才的话又不解。",
  "huang": "朕早就瞧出来了，你放胆说吧。"
}

2025-05-28 20:00:50,325 - INFO - result: {'result': '是', 'orther': '皇儿对皇阿玛方才的话又不解。', 'huang': '朕早就瞧出来了，你放胆说吧。'}
2025-05-28 20:00:50,393 - INFO - 回答: ```json
{
  "result": "否",
  "other": "嫔妾知道自己的病是不可知。",
  "huang": "朕想做皇上的一根头发丝，永远的爱着皇上。"
}
```
2025-05-28 20:00:50,393 - INFO - --------------------------------------------------
2025-05-28 20:00:50,393 - INFO - clean_response: 
{
  "result": "否",
  "other": "嫔妾知道自己的病是不可知。",
  "huang": "朕想做皇上的一根头发丝，永远的爱着皇上。"
}

2025-05-28 20:00:50,395 - INFO - result: {'result': '否', 'other': '嫔妾知道自己的病是不可知。', 'huang': '朕想做皇上的一根头发丝，永远的爱着皇上。'}
2025-05-28 20:00:50,431 - INFO - 回答: ```json
{
  "result": "否",
  "other": "快点儿多浇点儿，一会儿给他活埋喽。",
  "huang": "朕不想要，天下只想和你白头到老。"
}
```
2025-05-28 20:00:50,432 - INFO - --------------------------------------------------
2025-05-28 20:00:50,432 - INFO - clean_response: 
{
  "result": "否",
  "other": "快点儿多浇点儿，一会儿给他活埋喽。",
  "huang": "朕不想要，天下只想和你白头到老。"
}

2025-05-28 20:00:50,432 - INFO - result: {'result': '否', 'other': '快点儿多浇点儿，一会儿给他活埋喽。', 'huang': '朕不想要，天下只想和你白头到老。'}
2025-05-28 20:00:50,494 - INFO - 回答: ```json
{
  "result": "否",
  "orther": "嫔妾有个念头，想到白妃。",
  "huang": "朕整个人都是你的，你想要什么？只管跟朕说。"
}
```
2025-05-28 20:00:50,495 - INFO - --------------------------------------------------
2025-05-28 20:00:50,495 - INFO - clean_response: 
{
  "result": "否",
  "orther": "嫔妾有个念头，想到白妃。",
  "huang": "朕整个人都是你的，你想要什么？只管跟朕说。"
}

2025-05-28 20:00:50,495 - INFO - result: {'result': '否', 'orther': '嫔妾有个念头，想到白妃。', 'huang': '朕整个人都是你的，你想要什么？只管跟朕说。'}
2025-05-28 20:00:50,545 - INFO - 回答: ```json
{
  "result": "是",
  "orther": "皇上嫔妾下辈子还想为皇上梳头。",
  "huang": "哎，对呀，朕和你一定会白头到老的。"
}
```
2025-05-28 20:00:50,546 - INFO - --------------------------------------------------
2025-05-28 20:00:50,546 - INFO - clean_response: 
{
  "result": "是",
  "orther": "皇上嫔妾下辈子还想为皇上梳头。",
  "huang": "哎，对呀，朕和你一定会白头到老的。"
}

2025-05-28 20:00:50,548 - INFO - result: {'result': '是', 'orther': '皇上嫔妾下辈子还想为皇上梳头。', 'huang': '哎，对呀，朕和你一定会白头到老的。'}
2025-05-28 20:00:50,969 - INFO - 回答: ```json
{
  "result": "是",
  "other": "非但前世为僧，今世，早晚也会重归佛门。",
  "huang": "朕身为大清国君，虽然有心向佛，却无法超脱呀。"
}
```
2025-05-28 20:00:50,970 - INFO - --------------------------------------------------
2025-05-28 20:00:50,971 - INFO - clean_response: 
{
  "result": "是",
  "other": "非但前世为僧，今世，早晚也会重归佛门。",
  "huang": "朕身为大清国君，虽然有心向佛，却无法超脱呀。"
}

2025-05-28 20:00:50,972 - INFO - result: {'result': '是', 'other': '非但前世为僧，今世，早晚也会重归佛门。', 'huang': '朕身为大清国君，虽然有心向佛，却无法超脱呀。'}
2025-05-28 20:00:51,075 - INFO - 回答: ```json
{
  "result": "是",
  "other": "娘娘她高烧不退，又是一夜未眠。",
  "huang": "爱妃啊，朕刚刚下朝就赶来看你，朕瞧你这气色比昨日好多了。"
}
```
2025-05-28 20:00:51,078 - INFO - --------------------------------------------------
2025-05-28 20:00:51,079 - INFO - clean_response: 
{
  "result": "是",
  "other": "娘娘她高烧不退，又是一夜未眠。",
  "huang": "爱妃啊，朕刚刚下朝就赶来看你，朕瞧你这气色比昨日好多了。"
}

2025-05-28 20:00:51,080 - INFO - result: {'result': '是', 'other': '娘娘她高烧不退，又是一夜未眠。', 'huang': '爱妃啊，朕刚刚下朝就赶来看你，朕瞧你这气色比昨日好多了。'}
2025-05-28 20:00:51,101 - INFO - 回答: ```json
{
  "result": "否",
  "other": "那是因为皇上尘缘未断呢。",
  "huang": "哎，这地位是一把黄金锁呀。朕六岁登基，名为君临天下，实际上是被天下所困啊。"
}
```
2025-05-28 20:00:51,102 - INFO - --------------------------------------------------
2025-05-28 20:00:51,103 - INFO - clean_response: 
{
  "result": "否",
  "other": "那是因为皇上尘缘未断呢。",
  "huang": "哎，这地位是一把黄金锁呀。朕六岁登基，名为君临天下，实际上是被天下所困啊。"
}

2025-05-28 20:00:51,105 - INFO - result: {'result': '否', 'other': '那是因为皇上尘缘未断呢。', 'huang': '哎，这地位是一把黄金锁呀。朕六岁登基，名为君临天下，实际上是被天下所困啊。'}
2025-05-28 20:00:51,166 - INFO - 回答: ```json
{
  "result": "是",
  "other": "我要饱饱的睡一觉，睡多久都别喊我。",
  "huang": "你累了哈，来来来，就在朕的龙椅上，歇会儿吧。去吧，"
}
```
2025-05-28 20:00:51,167 - INFO - --------------------------------------------------
2025-05-28 20:00:51,168 - INFO - clean_response: 
{
  "result": "是",
  "other": "我要饱饱的睡一觉，睡多久都别喊我。",
  "huang": "你累了哈，来来来，就在朕的龙椅上，歇会儿吧。去吧，"
}

2025-05-28 20:00:51,169 - INFO - result: {'result': '是', 'other': '我要饱饱的睡一觉，睡多久都别喊我。', 'huang': '你累了哈，来来来，就在朕的龙椅上，歇会儿吧。去吧，'}
2025-05-28 20:00:51,360 - INFO - 回答: ```json
{
  "result": "是",
  "orther": "这个人说的皇上的用意是，",
  "huang": "这是皇上说的：这些年来朕对世外空门心驰神往，而对于每日的朝政却感到精疲力竭呀。"
}
```
2025-05-28 20:00:51,361 - INFO - --------------------------------------------------
2025-05-28 20:00:51,362 - INFO - clean_response: 
{
  "result": "是",
  "orther": "这个人说的皇上的用意是，",
  "huang": "这是皇上说的：这些年来朕对世外空门心驰神往，而对于每日的朝政却感到精疲力竭呀。"
}

2025-05-28 20:00:51,362 - INFO - result: {'result': '是', 'orther': '这个人说的皇上的用意是，', 'huang': '这是皇上说的：这些年来朕对世外空门心驰神往，而对于每日的朝政却感到精疲力竭呀。'}
2025-05-28 20:00:51,483 - INFO - 回答: ```json
{
  "result": "否",
  "orther": "离宫皇上是金轮王，转世命里有大善根，心中有大智慧天赋，佛净不学而自明，因而为天下至尊矣。",
  "huang": "朕前世就是一个僧人呢。"
}
```
2025-05-28 20:00:51,484 - INFO - --------------------------------------------------
2025-05-28 20:00:51,484 - INFO - clean_response: 
{
  "result": "否",
  "orther": "离宫皇上是金轮王，转世命里有大善根，心中有大智慧天赋，佛净不学而自明，因而为天下至尊矣。",
  "huang": "朕前世就是一个僧人呢。"
}

2025-05-28 20:00:51,485 - INFO - result: {'result': '否', 'orther': '离宫皇上是金轮王，转世命里有大善根，心中有大智慧天赋，佛净不学而自明，因而为天下至尊矣。', 'huang': '朕前世就是一个僧人呢。'}
2025-05-28 20:00:51,546 - INFO - 回答: ```json
{
  "result": "否",
  "other": "古之学者必有师，师者，所以传道授业解惑也。人非生而知之，孰能无惑。",
  "huang": "这是朕说的好，朕问你这试卷写完了吗？"
}
```
2025-05-28 20:00:51,546 - INFO - --------------------------------------------------
2025-05-28 20:00:51,547 - INFO - clean_response: 
{
  "result": "否",
  "other": "古之学者必有师，师者，所以传道授业解惑也。人非生而知之，孰能无惑。",
  "huang": "这是朕说的好，朕问你这试卷写完了吗？"
}

2025-05-28 20:00:51,547 - INFO - result: {'result': '否', 'other': '古之学者必有师，师者，所以传道授业解惑也。人非生而知之，孰能无惑。', 'huang': '这是朕说的好，朕问你这试卷写完了吗？'}
2025-05-28 20:00:51,586 - INFO - 回答: ```json
{
  "result": "是",
  "orther": "这些年来朕对世外空门心驰神往，而对于每日的朝政事务却感到精疲力竭呀。",
  "huang": "朕想预先遴选一位太子储君，以为有朝一日国脉不致中断。"
}
```
2025-05-28 20:00:51,587 - INFO - --------------------------------------------------
2025-05-28 20:00:51,587 - INFO - clean_response: 
{
  "result": "是",
  "orther": "这些年来朕对世外空门心驰神往，而对于每日的朝政事务却感到精疲力竭呀。",
  "huang": "朕想预先遴选一位太子储君，以为有朝一日国脉不致中断。"
}

2025-05-28 20:00:51,588 - INFO - result: {'result': '是', 'orther': '这些年来朕对世外空门心驰神往，而对于每日的朝政事务却感到精疲力竭呀。', 'huang': '朕想预先遴选一位太子储君，以为有朝一日国脉不致中断。'}
2025-05-28 20:00:51,870 - INFO - 回答: ```json
{
  "result": "是",
  "orther": "皇上，据贫僧所知，那张九龙榻乃乾明皇帝留下，几百年来未曾移动，皇上竟将它送给了三阿哥。贫僧真是无限感佩呀。",
  "huang": "朕偏偏就不想坐那张龙椅。"
}
```
2025-05-28 20:00:51,871 - INFO - --------------------------------------------------
2025-05-28 20:00:51,872 - INFO - clean_response: 
{
  "result": "是",
  "orther": "皇上，据贫僧所知，那张九龙榻乃乾明皇帝留下，几百年来未曾移动，皇上竟将它送给了三阿哥。贫僧真是无限感佩呀。",
  "huang": "朕偏偏就不想坐那张龙椅。"
}

2025-05-28 20:00:51,872 - INFO - result: {'result': '是', 'orther': '皇上，据贫僧所知，那张九龙榻乃乾明皇帝留下，几百年来未曾移动，皇上竟将它送给了三阿哥。贫僧真是无限感佩呀。', 'huang': '朕偏偏就不想坐那张龙椅。'}
2025-05-28 20:00:52,015 - INFO - 回答: ```json
{
  "result": "否",
  "orther": "皇上气色灿烂，依然浮光飘逸呀。",
  "huang": "秦孙大师啊，朕今日为阿哥们平事，朕请你来是要你同场观事，暗中参读各位皇子的骨骼气象，看看谁最具有聪慧、福寿。"
}
```
2025-05-28 20:00:52,016 - INFO - --------------------------------------------------
2025-05-28 20:00:52,016 - INFO - clean_response: 
{
  "result": "否",
  "orther": "皇上气色灿烂，依然浮光飘逸呀。",
  "huang": "秦孙大师啊，朕今日为阿哥们平事，朕请你来是要你同场观事，暗中参读各位皇子的骨骼气象，看看谁最具有聪慧、福寿。"
}

2025-05-28 20:00:52,017 - INFO - result: {'result': '否', 'orther': '皇上气色灿烂，依然浮光飘逸呀。', 'huang': '秦孙大师啊，朕今日为阿哥们平事，朕请你来是要你同场观事，暗中参读各位皇子的骨骼气象，看看谁最具有聪慧、福寿。'}
2025-05-28 20:00:52,209 - INFO - 回答: ```json
{
  "result": "否",
  "orther": "你别哭了，你呀哼真是的，别哭，跟我走。",
  "huang": "来人啊，再拿几杯来，这爱的就是玄烨，不要监督他。来人啊，把龙羽抬往承乾宫，那是皇后的寝宫啊，朕知道。"
}
```
2025-05-28 20:00:52,210 - INFO - --------------------------------------------------
2025-05-28 20:00:52,211 - INFO - clean_response: 
{
  "result": "否",
  "orther": "你别哭了，你呀哼真是的，别哭，跟我走。",
  "huang": "来人啊，再拿几杯来，这爱的就是玄烨，不要监督他。来人啊，把龙羽抬往承乾宫，那是皇后的寝宫啊，朕知道。"
}

2025-05-28 20:00:52,212 - INFO - result: {'result': '否', 'orther': '你别哭了，你呀哼真是的，别哭，跟我走。', 'huang': '来人啊，再拿几杯来，这爱的就是玄烨，不要监督他。来人啊，把龙羽抬往承乾宫，那是皇后的寝宫啊，朕知道。'}
2025-05-28 20:00:52,983 - INFO - 回答: ```json
{
  "result": "是",
  "orther": "嫔妾最大的憾事，就是没给皇上生个皇子。因此嫔妾虽然受皇上宠，可每日每夜每时每刻都像是偷生的，一不留神就会灰飞烟灭。",
  "huang": "这是皇上说的太对了，等你病好以后，朕夜夜和你同宿，一定会让你怀上龙种的。"
}
```
2025-05-28 20:00:52,984 - INFO - --------------------------------------------------
2025-05-28 20:00:52,985 - INFO - clean_response: 
{
  "result": "是",
  "orther": "嫔妾最大的憾事，就是没给皇上生个皇子。因此嫔妾虽然受皇上宠，可每日每夜每时每刻都像是偷生的，一不留神就会灰飞烟灭。",
  "huang": "这是皇上说的太对了，等你病好以后，朕夜夜和你同宿，一定会让你怀上龙种的。"
}

2025-05-28 20:00:52,986 - INFO - result: {'result': '是', 'orther': '嫔妾最大的憾事，就是没给皇上生个皇子。因此嫔妾虽然受皇上宠，可每日每夜每时每刻都像是偷生的，一不留神就会灰飞烟灭。', 'huang': '这是皇上说的太对了，等你病好以后，朕夜夜和你同宿，一定会让你怀上龙种的。'}
2025-05-28 20:00:53,178 - INFO - 回答: ```json
{
  "result": "是",
  "orther": "阿哥们都是天之骄子，贫僧只怕眼力不及呀。何况太子储君乃国之大事，僧人更是不敢唐突啊。",
  "huang": "大师就不要谦虚了，说穿了，朕只是让你看一看，看一看谁最具有聪慧。福寿，看看谁的命脉最硬，谁的佛言最厚，别的你就不用管了。"
}
```
2025-05-28 20:00:53,179 - INFO - --------------------------------------------------
2025-05-28 20:00:53,179 - INFO - clean_response: 
{
  "result": "是",
  "orther": "阿哥们都是天之骄子，贫僧只怕眼力不及呀。何况太子储君乃国之大事，僧人更是不敢唐突啊。",
  "huang": "大师就不要谦虚了，说穿了，朕只是让你看一看，看一看谁最具有聪慧。福寿，看看谁的命脉最硬，谁的佛言最厚，别的你就不用管了。"
}

2025-05-28 20:00:53,180 - INFO - result: {'result': '是', 'orther': '阿哥们都是天之骄子，贫僧只怕眼力不及呀。何况太子储君乃国之大事，僧人更是不敢唐突啊。', 'huang': '大师就不要谦虚了，说穿了，朕只是让你看一看，看一看谁最具有聪慧。福寿，看看谁的命脉最硬，谁的佛言最厚，别的你就不用管了。'}
2025-05-28 20:00:53,875 - INFO - 回答: ```json
{
  "result": "是",
  "orther": "这是皇上说的：所以朕为你们聘得的师傅全是汉人，也全是当今的饱学名士。今日谁考得好？师徒共赏。学业不精，师生共同领罪。你有什么话要说吗？",
  "huang": "所以朕为你们聘得的师傅全是汉人，也全是当今的饱学名士。今日谁考得好？师徒共赏。学业不精，师生共同领罪。你有什么话要说吗？"
}
```
2025-05-28 20:00:53,876 - INFO - --------------------------------------------------
2025-05-28 20:00:53,878 - INFO - clean_response: 
{
  "result": "是",
  "orther": "这是皇上说的：所以朕为你们聘得的师傅全是汉人，也全是当今的饱学名士。今日谁考得好？师徒共赏。学业不精，师生共同领罪。你有什么话要说吗？",
  "huang": "所以朕为你们聘得的师傅全是汉人，也全是当今的饱学名士。今日谁考得好？师徒共赏。学业不精，师生共同领罪。你有什么话要说吗？"
}

2025-05-28 20:00:53,879 - INFO - result: {'result': '是', 'orther': '这是皇上说的：所以朕为你们聘得的师傅全是汉人，也全是当今的饱学名士。今日谁考得好？师徒共赏。学业不精，师生共同领罪。你有什么话要说吗？', 'huang': '所以朕为你们聘得的师傅全是汉人，也全是当今的饱学名士。今日谁考得好？师徒共赏。学业不精，师生共同领罪。你有什么话要说吗？'}
2025-05-28 20:00:54,183 - INFO - 回答: ```json
{
  "result": "否",
  "orther": "任子重鞋，这是皇上说的这么着吧。佟贵妃有两个皇子，二阿哥和三阿哥。待今儿文华殿停市之后，朕就下令让三阿哥玄烨入祭，称贤宫。",
  "huang": "任子重鞋，这是朕说的这么着吧。佟贵妃有两个皇子，二阿哥和三阿哥。待今儿文华殿停市之后，朕就下令让三阿哥玄烨入祭，称贤宫。"
}
```
2025-05-28 20:00:54,184 - INFO - --------------------------------------------------
2025-05-28 20:00:54,184 - INFO - clean_response: 
{
  "result": "否",
  "orther": "任子重鞋，这是皇上说的这么着吧。佟贵妃有两个皇子，二阿哥和三阿哥。待今儿文华殿停市之后，朕就下令让三阿哥玄烨入祭，称贤宫。",
  "huang": "任子重鞋，这是朕说的这么着吧。佟贵妃有两个皇子，二阿哥和三阿哥。待今儿文华殿停市之后，朕就下令让三阿哥玄烨入祭，称贤宫。"
}

2025-05-28 20:00:54,185 - INFO - result: {'result': '否', 'orther': '任子重鞋，这是皇上说的这么着吧。佟贵妃有两个皇子，二阿哥和三阿哥。待今儿文华殿停市之后，朕就下令让三阿哥玄烨入祭，称贤宫。', 'huang': '任子重鞋，这是朕说的这么着吧。佟贵妃有两个皇子，二阿哥和三阿哥。待今儿文华殿停市之后，朕就下令让三阿哥玄烨入祭，称贤宫。'}
2025-05-28 20:00:54,233 - INFO - 回答: ```json
{
  "result": "是",
  "other": "谢皇上阿哥们，这是皇上说的朕好生羡慕你们呢。朕像你们这么大的时候，就不得不登上皇位。从此以后啊，表面上是管理天下，可实际上呢是被天下管制。不像你们可以两耳不闻窗外事，一心只读圣贤书，好读入席吧。",
  "huang": "谢文皇阿哥是天上的星星地上的龙脉，寻常百姓不好好读书，只怪他一个皇阿哥，不好好读书就坏了一方天下是不是啊？"
}
```
2025-05-28 20:00:54,234 - INFO - --------------------------------------------------
2025-05-28 20:00:54,235 - INFO - clean_response: 
{
  "result": "是",
  "other": "谢皇上阿哥们，这是皇上说的朕好生羡慕你们呢。朕像你们这么大的时候，就不得不登上皇位。从此以后啊，表面上是管理天下，可实际上呢是被天下管制。不像你们可以两耳不闻窗外事，一心只读圣贤书，好读入席吧。",
  "huang": "谢文皇阿哥是天上的星星地上的龙脉，寻常百姓不好好读书，只怪他一个皇阿哥，不好好读书就坏了一方天下是不是啊？"
}

2025-05-28 20:00:54,236 - INFO - result: {'result': '是', 'other': '谢皇上阿哥们，这是皇上说的朕好生羡慕你们呢。朕像你们这么大的时候，就不得不登上皇位。从此以后啊，表面上是管理天下，可实际上呢是被天下管制。不像你们可以两耳不闻窗外事，一心只读圣贤书，好读入席吧。', 'huang': '谢文皇阿哥是天上的星星地上的龙脉，寻常百姓不好好读书，只怪他一个皇阿哥，不好好读书就坏了一方天下是不是啊？'}
2025-05-28 20:00:54,946 - INFO - 回答: {
  "result": "是",
  "orther": "儿臣认为，咱们学习诗词曲赋圣人之言，不是因为灭不掉他才学，而是因为他也是天道。",
  "huang": "这是谁教你的？为臣所教。来人啊，撤去进正，朕罚你站着应试。罚魏成魔半年的俸禄，微臣领罚，但微臣不知何罪，望皇上明示。你们师徒俩可真是硬朗啊。朕罚你们，你们还要问个为什么？好，等朕停尸完以后，即告诉你们为什么。玄烨若是学无所长，朕必罚，你误导之罪。"
}
2025-05-28 20:00:54,947 - INFO - --------------------------------------------------
2025-05-28 20:00:54,948 - INFO - clean_response: {
  "result": "是",
  "orther": "儿臣认为，咱们学习诗词曲赋圣人之言，不是因为灭不掉他才学，而是因为他也是天道。",
  "huang": "这是谁教你的？为臣所教。来人啊，撤去进正，朕罚你站着应试。罚魏成魔半年的俸禄，微臣领罚，但微臣不知何罪，望皇上明示。你们师徒俩可真是硬朗啊。朕罚你们，你们还要问个为什么？好，等朕停尸完以后，即告诉你们为什么。玄烨若是学无所长，朕必罚，你误导之罪。"
}
2025-05-28 20:00:54,949 - INFO - result: {'result': '是', 'orther': '儿臣认为，咱们学习诗词曲赋圣人之言，不是因为灭不掉他才学，而是因为他也是天道。', 'huang': '这是谁教你的？为臣所教。来人啊，撤去进正，朕罚你站着应试。罚魏成魔半年的俸禄，微臣领罚，但微臣不知何罪，望皇上明示。你们师徒俩可真是硬朗啊。朕罚你们，你们还要问个为什么？好，等朕停尸完以后，即告诉你们为什么。玄烨若是学无所长，朕必罚，你误导之罪。'}
2025-05-28 20:00:54,993 - INFO - 回答: ```json
{
  "result": "是",
  "other": "之前已有成竹在胸，请坐。这阿哥们你们都记着，好文章不在笔墨上，而在心坎上。有笔下才有得人心，便垂千古。这是皇上说的学爷啊，朕点你为廷试的头名，你要何赏赐啊？",
  "huang": "之前已有成竹在胸，请坐。这阿哥们你们都记着，好文章不在笔墨上，而在心坎上。有笔下才有得人心，便垂千古。这是皇上说的学爷啊，朕点你为廷试的头名，你要何赏赐啊？"
}
```
2025-05-28 20:00:54,994 - INFO - --------------------------------------------------
2025-05-28 20:00:54,995 - INFO - clean_response: 
{
  "result": "是",
  "other": "之前已有成竹在胸，请坐。这阿哥们你们都记着，好文章不在笔墨上，而在心坎上。有笔下才有得人心，便垂千古。这是皇上说的学爷啊，朕点你为廷试的头名，你要何赏赐啊？",
  "huang": "之前已有成竹在胸，请坐。这阿哥们你们都记着，好文章不在笔墨上，而在心坎上。有笔下才有得人心，便垂千古。这是皇上说的学爷啊，朕点你为廷试的头名，你要何赏赐啊？"
}

2025-05-28 20:00:54,996 - INFO - result: {'result': '是', 'other': '之前已有成竹在胸，请坐。这阿哥们你们都记着，好文章不在笔墨上，而在心坎上。有笔下才有得人心，便垂千古。这是皇上说的学爷啊，朕点你为廷试的头名，你要何赏赐啊？', 'huang': '之前已有成竹在胸，请坐。这阿哥们你们都记着，好文章不在笔墨上，而在心坎上。有笔下才有得人心，便垂千古。这是皇上说的学爷啊，朕点你为廷试的头名，你要何赏赐啊？'}
2025-05-28 20:00:56,392 - INFO - 回答: ```json
{
  "result": "否",
  "orther": "皇上口谕召三个玄月，太子少保未成魔接旨。今儿个辰时三刻，皇上在文华殿亲事，众阿哥学业召各位阿哥的师傅同往，不得迟误。皇上还说哪位阿哥学问好文章好，朕重赏。哪位阿哥荒废学业了，和师傅一同领罚，绝不宽贷。",
  "huang": "皇上口谕召三个玄月，太子少保未成魔接旨。今儿个辰时三刻，皇上在文华殿亲事，众阿哥学业召各位阿哥的师傅同往，不得迟误。皇上还说哪位阿哥学问好文章好，朕重赏。哪位阿哥荒废学业了，和师傅一同领罚，绝不宽贷。"
}
```
2025-05-28 20:00:56,393 - INFO - --------------------------------------------------
2025-05-28 20:00:56,394 - INFO - clean_response: 
{
  "result": "否",
  "orther": "皇上口谕召三个玄月，太子少保未成魔接旨。今儿个辰时三刻，皇上在文华殿亲事，众阿哥学业召各位阿哥的师傅同往，不得迟误。皇上还说哪位阿哥学问好文章好，朕重赏。哪位阿哥荒废学业了，和师傅一同领罚，绝不宽贷。",
  "huang": "皇上口谕召三个玄月，太子少保未成魔接旨。今儿个辰时三刻，皇上在文华殿亲事，众阿哥学业召各位阿哥的师傅同往，不得迟误。皇上还说哪位阿哥学问好文章好，朕重赏。哪位阿哥荒废学业了，和师傅一同领罚，绝不宽贷。"
}

2025-05-28 20:00:56,395 - INFO - result: {'result': '否', 'orther': '皇上口谕召三个玄月，太子少保未成魔接旨。今儿个辰时三刻，皇上在文华殿亲事，众阿哥学业召各位阿哥的师傅同往，不得迟误。皇上还说哪位阿哥学问好文章好，朕重赏。哪位阿哥荒废学业了，和师傅一同领罚，绝不宽贷。', 'huang': '皇上口谕召三个玄月，太子少保未成魔接旨。今儿个辰时三刻，皇上在文华殿亲事，众阿哥学业召各位阿哥的师傅同往，不得迟误。皇上还说哪位阿哥学问好文章好，朕重赏。哪位阿哥荒废学业了，和师傅一同领罚，绝不宽贷。'}
2025-05-28 20:00:57,311 - INFO - 回答: ```json
{
  "result": "否",
  "other": "这个内容不是一个人和皇上的对话。这段话看起来像是皇上对一群人的讲话，其中包含了对满人和汉人关系的思考，以及对阿哥们（皇子们）的期望。",
  "huang": "大清几代先王奋斗不息，才有今天的海内一统。而今咱们满人入关也几十年了，但是前明余孽仍在，百姓人心不稳，阿哥们要记着这取天下，靠的是弓马骑射，但是治天下却要靠文教科举。咱们满人的金戈铁马，虽然能灭掉前明的水陆三军，但是灭不掉汉人的千年文字，灭不掉诗词曲赋，灭不掉圣人之言。世子之心，当如何办呢？学咱们满人要向汉人学，朕希望你们不光在读书写字上比汉人强，在弓马骑射上也要比汉人强。"
}
```
2025-05-28 20:00:57,311 - INFO - --------------------------------------------------
2025-05-28 20:00:57,312 - INFO - clean_response: 
{
  "result": "否",
  "other": "这个内容不是一个人和皇上的对话。这段话看起来像是皇上对一群人的讲话，其中包含了对满人和汉人关系的思考，以及对阿哥们（皇子们）的期望。",
  "huang": "大清几代先王奋斗不息，才有今天的海内一统。而今咱们满人入关也几十年了，但是前明余孽仍在，百姓人心不稳，阿哥们要记着这取天下，靠的是弓马骑射，但是治天下却要靠文教科举。咱们满人的金戈铁马，虽然能灭掉前明的水陆三军，但是灭不掉汉人的千年文字，灭不掉诗词曲赋，灭不掉圣人之言。世子之心，当如何办呢？学咱们满人要向汉人学，朕希望你们不光在读书写字上比汉人强，在弓马骑射上也要比汉人强。"
}

2025-05-28 20:00:57,312 - INFO - result: {'result': '否', 'other': '这个内容不是一个人和皇上的对话。这段话看起来像是皇上对一群人的讲话，其中包含了对满人和汉人关系的思考，以及对阿哥们（皇子们）的期望。', 'huang': '大清几代先王奋斗不息，才有今天的海内一统。而今咱们满人入关也几十年了，但是前明余孽仍在，百姓人心不稳，阿哥们要记着这取天下，靠的是弓马骑射，但是治天下却要靠文教科举。咱们满人的金戈铁马，虽然能灭掉前明的水陆三军，但是灭不掉汉人的千年文字，灭不掉诗词曲赋，灭不掉圣人之言。世子之心，当如何办呢？学咱们满人要向汉人学，朕希望你们不光在读书写字上比汉人强，在弓马骑射上也要比汉人强。'}
2025-05-28 20:00:57,316 - INFO - 所有问题处理完成
