2025-05-28 19:59:49,944 - INFO - 共读取 25 条问题记录
2025-05-28 19:59:55,020 - INFO - 回答: ```json
{
  "result": "是",
  "orther": "嫔妾有个想法，想提到白妃。",
  "huang": "朕整个人都是你的，你想要什么？只管跟朕说。"
}
```
2025-05-28 19:59:55,021 - INFO - --------------------------------------------------
2025-05-28 19:59:55,021 - INFO - clean_response: 
{
  "result": "是",
  "orther": "嫔妾有个想法，想提到白妃。",
  "huang": "朕整个人都是你的，你想要什么？只管跟朕说。"
}

2025-05-28 19:59:55,023 - INFO - result: {'result': '是', 'orther': '嫔妾有个想法，想提到白妃。', 'huang': '朕整个人都是你的，你想要什么？只管跟朕说。'}
2025-05-28 19:59:55,628 - INFO - 回答: ```json
{
  "result": "否",
  "other": "那是因为皇上尘缘未断呢。",
  "huang": "哎，这地位是一把黄金锁呀。朕六岁登基，名为君临天下，实际上是被天下所困啊。"
}
```
2025-05-28 19:59:55,629 - INFO - --------------------------------------------------
2025-05-28 19:59:55,630 - INFO - clean_response: 
{
  "result": "否",
  "other": "那是因为皇上尘缘未断呢。",
  "huang": "哎，这地位是一把黄金锁呀。朕六岁登基，名为君临天下，实际上是被天下所困啊。"
}

2025-05-28 19:59:55,631 - INFO - result: {'result': '否', 'other': '那是因为皇上尘缘未断呢。', 'huang': '哎，这地位是一把黄金锁呀。朕六岁登基，名为君临天下，实际上是被天下所困啊。'}
2025-05-28 19:59:55,845 - INFO - 回答: ```json
{
  "result": "是",
  "other": "皇儿对皇阿玛方才的话又不解。",
  "huang": "朕早就瞧出来了，你放胆说吧。"
}
```

这段对话逻辑上是合理的，且没有明显的错别字，因此不需要修改。
2025-05-28 19:59:55,846 - INFO - --------------------------------------------------
2025-05-28 19:59:55,847 - INFO - clean_response: 
{
  "result": "是",
  "other": "皇儿对皇阿玛方才的话又不解。",
  "huang": "朕早就瞧出来了，你放胆说吧。"
}
```

这段对话逻辑上是合理的，且没有明显的错别字，因此不需要修改。
2025-05-28 19:59:55,870 - INFO - 回答: ```json
{
  "result": "是",
  "other": "这个人说的皇上的用意是，",
  "huang": "这是皇上说的：这些年来朕对世外空门心驰神往，而对于每日的朝政却感到精疲力竭呀。"
}
```
2025-05-28 19:59:55,871 - INFO - --------------------------------------------------
2025-05-28 19:59:55,872 - INFO - clean_response: 
{
  "result": "是",
  "other": "这个人说的皇上的用意是，",
  "huang": "这是皇上说的：这些年来朕对世外空门心驰神往，而对于每日的朝政却感到精疲力竭呀。"
}

2025-05-28 19:59:55,874 - INFO - result: {'result': '是', 'other': '这个人说的皇上的用意是，', 'huang': '这是皇上说的：这些年来朕对世外空门心驰神往，而对于每日的朝政却感到精疲力竭呀。'}
2025-05-28 19:59:56,005 - INFO - 回答: ```json
{
  "result": "否",
  "other": "离宫皇上是金轮王，转世命里有大善根，心中有大智慧天赋，佛净不学而自明，因而为天下至尊矣。",
  "huang": "朕前世就是一个僧人呢。"
}
```
2025-05-28 19:59:56,005 - INFO - --------------------------------------------------
2025-05-28 19:59:56,006 - INFO - clean_response: 
{
  "result": "否",
  "other": "离宫皇上是金轮王，转世命里有大善根，心中有大智慧天赋，佛净不学而自明，因而为天下至尊矣。",
  "huang": "朕前世就是一个僧人呢。"
}

2025-05-28 19:59:56,006 - INFO - result: {'result': '否', 'other': '离宫皇上是金轮王，转世命里有大善根，心中有大智慧天赋，佛净不学而自明，因而为天下至尊矣。', 'huang': '朕前世就是一个僧人呢。'}
2025-05-28 19:59:56,112 - INFO - 回答: ```json
{
  "result": "是",
  "other": "这些年来朕对世外空门心驰神往，而对于每日的朝政事务却感到精疲力竭呀。",
  "huang": "朕想预先遴选一位太子储君，以为有朝一日国脉不致中断。"
}
```
2025-05-28 19:59:56,113 - INFO - --------------------------------------------------
2025-05-28 19:59:56,113 - INFO - clean_response: 
{
  "result": "是",
  "other": "这些年来朕对世外空门心驰神往，而对于每日的朝政事务却感到精疲力竭呀。",
  "huang": "朕想预先遴选一位太子储君，以为有朝一日国脉不致中断。"
}

2025-05-28 19:59:56,114 - INFO - result: {'result': '是', 'other': '这些年来朕对世外空门心驰神往，而对于每日的朝政事务却感到精疲力竭呀。', 'huang': '朕想预先遴选一位太子储君，以为有朝一日国脉不致中断。'}
2025-05-28 19:59:56,461 - INFO - 回答: ```json
{
  "result": "是",
  "other": "皇上，据贫僧所知，那张九龙榻乃乾明皇帝留下，几百年来未曾移动，皇上竟将它送给了三阿哥。贫僧真是无限感佩呀。",
  "huang": "朕偏偏就不想坐那张龙椅。"
}
```
2025-05-28 19:59:56,461 - INFO - --------------------------------------------------
2025-05-28 19:59:56,462 - INFO - clean_response: 
{
  "result": "是",
  "other": "皇上，据贫僧所知，那张九龙榻乃乾明皇帝留下，几百年来未曾移动，皇上竟将它送给了三阿哥。贫僧真是无限感佩呀。",
  "huang": "朕偏偏就不想坐那张龙椅。"
}

2025-05-28 19:59:56,462 - INFO - result: {'result': '是', 'other': '皇上，据贫僧所知，那张九龙榻乃乾明皇帝留下，几百年来未曾移动，皇上竟将它送给了三阿哥。贫僧真是无限感佩呀。', 'huang': '朕偏偏就不想坐那张龙椅。'}
2025-05-28 19:59:56,621 - INFO - 回答: ```json
{
  "result": "否",
  "other": "皇上气色灿烂，依然浮光飘逸呀。",
  "huang": "秦孙大师啊，朕今日为阿哥们平事，朕请你来是要你同场观事，暗中参读各位皇子的骨骼气象，看看谁最具有聪慧、福寿。"
}
```
2025-05-28 19:59:56,622 - INFO - --------------------------------------------------
2025-05-28 19:59:56,622 - INFO - clean_response: 
{
  "result": "否",
  "other": "皇上气色灿烂，依然浮光飘逸呀。",
  "huang": "秦孙大师啊，朕今日为阿哥们平事，朕请你来是要你同场观事，暗中参读各位皇子的骨骼气象，看看谁最具有聪慧、福寿。"
}

2025-05-28 19:59:56,623 - INFO - result: {'result': '否', 'other': '皇上气色灿烂，依然浮光飘逸呀。', 'huang': '秦孙大师啊，朕今日为阿哥们平事，朕请你来是要你同场观事，暗中参读各位皇子的骨骼气象，看看谁最具有聪慧、福寿。'}
2025-05-28 19:59:56,975 - INFO - 回答: ```json
{
  "result": "否",
  "orther": "你别哭了，你呀哼真是的，别哭，跟我走。",
  "huang": "来人啊，再拿几杯酒来。这爱的就是玄烨，不要管他。来人啊，把龙羽抬往承乾宫，那是皇后娘娘的寝宫啊，朕知道。"
}
```
2025-05-28 19:59:56,976 - INFO - --------------------------------------------------
2025-05-28 19:59:56,977 - INFO - clean_response: 
{
  "result": "否",
  "orther": "你别哭了，你呀哼真是的，别哭，跟我走。",
  "huang": "来人啊，再拿几杯酒来。这爱的就是玄烨，不要管他。来人啊，把龙羽抬往承乾宫，那是皇后娘娘的寝宫啊，朕知道。"
}

2025-05-28 19:59:56,978 - INFO - result: {'result': '否', 'orther': '你别哭了，你呀哼真是的，别哭，跟我走。', 'huang': '来人啊，再拿几杯酒来。这爱的就是玄烨，不要管他。来人啊，把龙羽抬往承乾宫，那是皇后娘娘的寝宫啊，朕知道。'}
2025-05-28 19:59:57,475 - INFO - 回答: ```json
{
  "result": "否",
  "other": "嫔妾最大的憾事，就是没给皇上生个皇子。因此嫔妾虽然受皇上宠，可每日每夜每时每刻都像是偷生的，一不留神就会灰飞烟灭。",
  "huang": "这是朕说的，等你病好以后，朕夜夜和你同宿，一定会让你怀上龙种的。"
}
```
2025-05-28 19:59:57,476 - INFO - --------------------------------------------------
2025-05-28 19:59:57,477 - INFO - clean_response: 
{
  "result": "否",
  "other": "嫔妾最大的憾事，就是没给皇上生个皇子。因此嫔妾虽然受皇上宠，可每日每夜每时每刻都像是偷生的，一不留神就会灰飞烟灭。",
  "huang": "这是朕说的，等你病好以后，朕夜夜和你同宿，一定会让你怀上龙种的。"
}

2025-05-28 19:59:57,478 - INFO - result: {'result': '否', 'other': '嫔妾最大的憾事，就是没给皇上生个皇子。因此嫔妾虽然受皇上宠，可每日每夜每时每刻都像是偷生的，一不留神就会灰飞烟灭。', 'huang': '这是朕说的，等你病好以后，朕夜夜和你同宿，一定会让你怀上龙种的。'}
2025-05-28 19:59:58,118 - INFO - 回答: ```json
{
  "result": "是",
  "other": "我要饱饱的睡一觉，睡多久都别喊我。",
  "huang": "你累了哈，来来来，就在朕的龙椅上，歇会儿吧。去吧，"
}
```

解释：
- "是"表示这是一段合理的对话。
- "other"和"huang"分别对应修改后的普通人的对话和皇上的对话，内容没有错别字，且原意未变。
2025-05-28 19:59:58,119 - INFO - --------------------------------------------------
2025-05-28 19:59:58,120 - INFO - clean_response: 
{
  "result": "是",
  "other": "我要饱饱的睡一觉，睡多久都别喊我。",
  "huang": "你累了哈，来来来，就在朕的龙椅上，歇会儿吧。去吧，"
}
```

解释：
- "是"表示这是一段合理的对话。
- "other"和"huang"分别对应修改后的普通人的对话和皇上的对话，内容没有错别字，且原意未变。
2025-05-28 19:59:58,802 - INFO - 回答: ```json
{
  "result": "是",
  "orther": "这是皇上说的，所以朕为你们聘得的师傅全是汉人，也全是当今的饱学名士。今日谁考得好？师徒共赏；学业不精，师生共同领罪。你有什么话要说吗？",
  "huang": "所以朕为你们聘得的师傅全是汉人，也全是当今的饱学名士。今日谁考得好？师徒共赏；学业不精，师生共同领罪。你有什么话要说吗？"
}
```
2025-05-28 19:59:58,802 - INFO - --------------------------------------------------
2025-05-28 19:59:58,803 - INFO - clean_response: 
{
  "result": "是",
  "orther": "这是皇上说的，所以朕为你们聘得的师傅全是汉人，也全是当今的饱学名士。今日谁考得好？师徒共赏；学业不精，师生共同领罪。你有什么话要说吗？",
  "huang": "所以朕为你们聘得的师傅全是汉人，也全是当今的饱学名士。今日谁考得好？师徒共赏；学业不精，师生共同领罪。你有什么话要说吗？"
}

2025-05-28 19:59:58,804 - INFO - result: {'result': '是', 'orther': '这是皇上说的，所以朕为你们聘得的师傅全是汉人，也全是当今的饱学名士。今日谁考得好？师徒共赏；学业不精，师生共同领罪。你有什么话要说吗？', 'huang': '所以朕为你们聘得的师傅全是汉人，也全是当今的饱学名士。今日谁考得好？师徒共赏；学业不精，师生共同领罪。你有什么话要说吗？'}
2025-05-28 19:59:59,391 - INFO - 回答: ```json
{
  "result": "是",
  "other": "谢皇上，阿哥们。这是皇上说的：朕好生羡慕你们呢。朕像你们这么大的时候，就不得不登上皇位。从此以后啊，表面上是管理天下，可实际上呢是被天下管制。不像你们可以两耳不闻窗外事，一心只读圣贤书，好读入席吧。",
  "huang": "谢文皇，阿哥是天上的星星地上的龙脉，寻常百姓不好好读书，只怪他一个皇阿哥，不好好读书就坏了一方天下是不是啊？"
}
```
2025-05-28 19:59:59,392 - INFO - --------------------------------------------------
2025-05-28 19:59:59,392 - INFO - clean_response: 
{
  "result": "是",
  "other": "谢皇上，阿哥们。这是皇上说的：朕好生羡慕你们呢。朕像你们这么大的时候，就不得不登上皇位。从此以后啊，表面上是管理天下，可实际上呢是被天下管制。不像你们可以两耳不闻窗外事，一心只读圣贤书，好读入席吧。",
  "huang": "谢文皇，阿哥是天上的星星地上的龙脉，寻常百姓不好好读书，只怪他一个皇阿哥，不好好读书就坏了一方天下是不是啊？"
}

2025-05-28 19:59:59,393 - INFO - result: {'result': '是', 'other': '谢皇上，阿哥们。这是皇上说的：朕好生羡慕你们呢。朕像你们这么大的时候，就不得不登上皇位。从此以后啊，表面上是管理天下，可实际上呢是被天下管制。不像你们可以两耳不闻窗外事，一心只读圣贤书，好读入席吧。', 'huang': '谢文皇，阿哥是天上的星星地上的龙脉，寻常百姓不好好读书，只怪他一个皇阿哥，不好好读书就坏了一方天下是不是啊？'}
2025-05-28 20:00:00,218 - INFO - 回答: ```json
{
  "result": "是",
  "other": "皇上嫔妾下辈子还想为皇上梳头。",
  "huang": "哎，对呀，朕和你一定会白头到老的。"
}
```

解释：
1. **错别字修正**：
   - "皇上嫔妾" 保持不变，因为这是特定的称呼。
   - "对呀" 保持不变，因为这是口语表达。
   - "白头到老" 保持不变，因为这是成语。

2. **对话逻辑**：
   - 从内容上看，这是一段合理的对话，一个人表达对皇上的忠诚和愿望，皇上则回应以承诺。因此，对话逻辑是正确的。
2025-05-28 20:00:00,219 - INFO - --------------------------------------------------
2025-05-28 20:00:00,219 - INFO - clean_response: 
{
  "result": "是",
  "other": "皇上嫔妾下辈子还想为皇上梳头。",
  "huang": "哎，对呀，朕和你一定会白头到老的。"
}
```

解释：
1. **错别字修正**：
   - "皇上嫔妾" 保持不变，因为这是特定的称呼。
   - "对呀" 保持不变，因为这是口语表达。
   - "白头到老" 保持不变，因为这是成语。

2. **对话逻辑**：
   - 从内容上看，这是一段合理的对话，一个人表达对皇上的忠诚和愿望，皇上则回应以承诺。因此，对话逻辑是正确的。
2025-05-28 20:00:00,317 - INFO - 回答: ```json
{
  "result": "否",
  "other": "非但前世为僧，今世，早晚也会重归佛门。",
  "huang": "朕身为大清国君，虽然有心向佛，却无法超脱呀。"
}
```

解释：
- 这两句话的逻辑上并不构成一个直接的对话。第一句话更像是某个人对自己命运的描述，而第二句话是皇上对自己处境的感慨。因此，它们并不是一个人和皇上的对话。
- 错别字方面，"orther" 应该是 "other"，但这是返回结果中的键名，不是内容中的错别字。内容中没有明显的错别字，因此保持原样。
2025-05-28 20:00:00,318 - INFO - --------------------------------------------------
2025-05-28 20:00:00,318 - INFO - clean_response: 
{
  "result": "否",
  "other": "非但前世为僧，今世，早晚也会重归佛门。",
  "huang": "朕身为大清国君，虽然有心向佛，却无法超脱呀。"
}
```

解释：
- 这两句话的逻辑上并不构成一个直接的对话。第一句话更像是某个人对自己命运的描述，而第二句话是皇上对自己处境的感慨。因此，它们并不是一个人和皇上的对话。
- 错别字方面，"orther" 应该是 "other"，但这是返回结果中的键名，不是内容中的错别字。内容中没有明显的错别字，因此保持原样。
2025-05-28 20:00:00,416 - INFO - 回答: ```json
{
  "result": "是",
  "other": "之前已有成竹在胸，请坐。这阿哥们，你们都记着，好文章不在笔墨上，而在心坎上。有笔下才有得人心，便垂千古。这是皇上说的学爷啊，朕点你为廷试的头名，你要何赏赐啊？",
  "huang": "之前已有成竹在胸，请坐。这阿哥们，你们都记着，好文章不在笔墨上，而在心坎上。有笔下才有得人心，便垂千古。这是皇上说的学爷啊，朕点你为廷试的头名，你要何赏赐啊？"
}
```
2025-05-28 20:00:00,416 - INFO - --------------------------------------------------
2025-05-28 20:00:00,417 - INFO - clean_response: 
{
  "result": "是",
  "other": "之前已有成竹在胸，请坐。这阿哥们，你们都记着，好文章不在笔墨上，而在心坎上。有笔下才有得人心，便垂千古。这是皇上说的学爷啊，朕点你为廷试的头名，你要何赏赐啊？",
  "huang": "之前已有成竹在胸，请坐。这阿哥们，你们都记着，好文章不在笔墨上，而在心坎上。有笔下才有得人心，便垂千古。这是皇上说的学爷啊，朕点你为廷试的头名，你要何赏赐啊？"
}

2025-05-28 20:00:00,418 - INFO - result: {'result': '是', 'other': '之前已有成竹在胸，请坐。这阿哥们，你们都记着，好文章不在笔墨上，而在心坎上。有笔下才有得人心，便垂千古。这是皇上说的学爷啊，朕点你为廷试的头名，你要何赏赐啊？', 'huang': '之前已有成竹在胸，请坐。这阿哥们，你们都记着，好文章不在笔墨上，而在心坎上。有笔下才有得人心，便垂千古。这是皇上说的学爷啊，朕点你为廷试的头名，你要何赏赐啊？'}
2025-05-28 20:00:00,431 - INFO - 回答: ```json
{
  "result": "是",
  "other": "大师就不要谦虚了，说穿了，朕只是让你看一看，看一看谁最具有聪慧，福寿，看看谁的命脉最硬，谁的佛言最厚，别的你就不用管了。",
  "huang": "阿哥们都是天之神器，贫僧只怕眼力不及呀。何况太子储君乃国之大事，僧人更是不敢唐突啊。"
}
```

### 解释
- **result**: "是"，表示这是一个人和皇上的对话。
- **other**: 修改后的皇上说的话，修正了错别字。
- **huang**: 修改后的大师说的话，修正了错别字。
2025-05-28 20:00:00,432 - INFO - --------------------------------------------------
2025-05-28 20:00:00,432 - INFO - clean_response: 
{
  "result": "是",
  "other": "大师就不要谦虚了，说穿了，朕只是让你看一看，看一看谁最具有聪慧，福寿，看看谁的命脉最硬，谁的佛言最厚，别的你就不用管了。",
  "huang": "阿哥们都是天之神器，贫僧只怕眼力不及呀。何况太子储君乃国之大事，僧人更是不敢唐突啊。"
}
```

### 解释
- **result**: "是"，表示这是一个人和皇上的对话。
- **other**: 修改后的皇上说的话，修正了错别字。
- **huang**: 修改后的大师说的话，修正了错别字。
2025-05-28 20:00:00,459 - INFO - 回答: ```json
{
  "result": "是",
  "orther": "儿臣认为，咱们学习诗词曲赋圣人之言，不是因为灭不掉他才学，而是因为他也是天道。",
  "huang": "这是谁教你的？为臣所教。来人啊，在撤去进正，朕罚你站着应试这罚。魏成魔半年的俸禄，微臣领罚，但微臣不知何罪，望皇上明示。你们师徒俩可真是硬朗啊。朕罚，你们还要问个为什么？好，等朕停尸完以后，即告诉你们为什么。玄烨若是学无所长，朕必罚，你误导之罪。"
}
```
2025-05-28 20:00:00,460 - INFO - --------------------------------------------------
2025-05-28 20:00:00,460 - INFO - clean_response: 
{
  "result": "是",
  "orther": "儿臣认为，咱们学习诗词曲赋圣人之言，不是因为灭不掉他才学，而是因为他也是天道。",
  "huang": "这是谁教你的？为臣所教。来人啊，在撤去进正，朕罚你站着应试这罚。魏成魔半年的俸禄，微臣领罚，但微臣不知何罪，望皇上明示。你们师徒俩可真是硬朗啊。朕罚，你们还要问个为什么？好，等朕停尸完以后，即告诉你们为什么。玄烨若是学无所长，朕必罚，你误导之罪。"
}

2025-05-28 20:00:00,461 - INFO - result: {'result': '是', 'orther': '儿臣认为，咱们学习诗词曲赋圣人之言，不是因为灭不掉他才学，而是因为他也是天道。', 'huang': '这是谁教你的？为臣所教。来人啊，在撤去进正，朕罚你站着应试这罚。魏成魔半年的俸禄，微臣领罚，但微臣不知何罪，望皇上明示。你们师徒俩可真是硬朗啊。朕罚，你们还要问个为什么？好，等朕停尸完以后，即告诉你们为什么。玄烨若是学无所长，朕必罚，你误导之罪。'}
2025-05-28 20:00:00,524 - INFO - 回答: ```json
{
  "result": "否",
  "other": "嫔妾知道自己的病是不可治愈的。",
  "huang": "朕想做嫔妾的一根头发丝，永远的爱着嫔妾。"
}
```

解释：
1. **result**: "否"，因为这两句话逻辑上不像是同一个人和皇上的对话。第一句像是嫔妾在表达自己的病情，而第二句像是皇上在表达对嫔妾的爱意。
2. **other**: 修改后的第一句话，将“不可知”改为“不可治愈”，更符合语境。
3. **huang**: 修改后的第二句话，将“皇上的一根头发丝”改为“嫔妾的一根头发丝”，更符合逻辑。
2025-05-28 20:00:00,525 - INFO - --------------------------------------------------
2025-05-28 20:00:00,525 - INFO - clean_response: 
{
  "result": "否",
  "other": "嫔妾知道自己的病是不可治愈的。",
  "huang": "朕想做嫔妾的一根头发丝，永远的爱着嫔妾。"
}
```

解释：
1. **result**: "否"，因为这两句话逻辑上不像是同一个人和皇上的对话。第一句像是嫔妾在表达自己的病情，而第二句像是皇上在表达对嫔妾的爱意。
2. **other**: 修改后的第一句话，将“不可知”改为“不可治愈”，更符合语境。
3. **huang**: 修改后的第二句话，将“皇上的一根头发丝”改为“嫔妾的一根头发丝”，更符合逻辑。
2025-05-28 20:00:00,763 - INFO - 回答: ```json
{
  "result": "是",
  "orther": "娘娘她高烧不退，又是一夜未眠。",
  "huang": "爱妃啊，朕刚刚下朝就赶来看你，朕瞧你这气色比昨日好多了。"
}
```

解释：
- "result": "是"，表示这是一个人和皇上的对话，逻辑上是合理的。
- "orther": 修改后的内容为“娘娘她高烧不退，又是一夜未眠。”，没有错别字，原意未变。
- "huang": 修改后的内容为“爱妃啊，朕刚刚下朝就赶来看你，朕瞧你这气色比昨日好多了。”，没有错别字，原意未变。
2025-05-28 20:00:00,765 - INFO - --------------------------------------------------
2025-05-28 20:00:00,765 - INFO - clean_response: 
{
  "result": "是",
  "orther": "娘娘她高烧不退，又是一夜未眠。",
  "huang": "爱妃啊，朕刚刚下朝就赶来看你，朕瞧你这气色比昨日好多了。"
}
```

解释：
- "result": "是"，表示这是一个人和皇上的对话，逻辑上是合理的。
- "orther": 修改后的内容为“娘娘她高烧不退，又是一夜未眠。”，没有错别字，原意未变。
- "huang": 修改后的内容为“爱妃啊，朕刚刚下朝就赶来看你，朕瞧你这气色比昨日好多了。”，没有错别字，原意未变。
2025-05-28 20:00:01,031 - INFO - 回答: ```json
{
  "result": "否",
  "other": "快点儿多浇点儿，一会儿给他活埋了。",
  "huang": "朕不想要，天下只想和你白头到老。"
}
```

解释：
- 第一句话“快点儿多浇点儿，一会儿给他活埋喽。”修改为“快点儿多浇点儿，一会儿给他活埋了。”，修正了“喽”为“了”。
- 第二句话“朕不想要，天下只想和你白头到老，”修改为“朕不想要，天下只想和你白头到老。”，去掉了多余的逗号。
- 两句话的逻辑不一致，第一句话听起来像是命令或威胁，而第二句话则是表达情感，因此判断这两句话不是同一个人和皇上的对话。
2025-05-28 20:00:01,032 - INFO - --------------------------------------------------
2025-05-28 20:00:01,033 - INFO - clean_response: 
{
  "result": "否",
  "other": "快点儿多浇点儿，一会儿给他活埋了。",
  "huang": "朕不想要，天下只想和你白头到老。"
}
```

解释：
- 第一句话“快点儿多浇点儿，一会儿给他活埋喽。”修改为“快点儿多浇点儿，一会儿给他活埋了。”，修正了“喽”为“了”。
- 第二句话“朕不想要，天下只想和你白头到老，”修改为“朕不想要，天下只想和你白头到老。”，去掉了多余的逗号。
- 两句话的逻辑不一致，第一句话听起来像是命令或威胁，而第二句话则是表达情感，因此判断这两句话不是同一个人和皇上的对话。
2025-05-28 20:00:01,675 - INFO - 回答: ```json
{
  "result": "否",
  "other": "我觉得大清几代先王奋斗不息，才有今天的海内一统。而今咱们满人入关也几十年了，但是前明余孽仍在，百姓人心不稳，阿哥们要记着这取天下，靠的是弓马骑射，但是治天下却要靠文教科举。",
  "huang": "咱们满人的金戈铁马，虽然能灭掉前明的水陆三军，但是灭不掉汉人的千年文字，灭不掉诗词曲赋，灭不掉圣人之言。世子之心怎么办呢？学咱们满人要向汉人学，朕希望你们不光在读书写字上比汉人强，在弓马骑射上也要比汉人强。你们都是朕的子嗣，朕说的对吗？"
}
```
2025-05-28 20:00:01,677 - INFO - --------------------------------------------------
2025-05-28 20:00:01,677 - INFO - clean_response: 
{
  "result": "否",
  "other": "我觉得大清几代先王奋斗不息，才有今天的海内一统。而今咱们满人入关也几十年了，但是前明余孽仍在，百姓人心不稳，阿哥们要记着这取天下，靠的是弓马骑射，但是治天下却要靠文教科举。",
  "huang": "咱们满人的金戈铁马，虽然能灭掉前明的水陆三军，但是灭不掉汉人的千年文字，灭不掉诗词曲赋，灭不掉圣人之言。世子之心怎么办呢？学咱们满人要向汉人学，朕希望你们不光在读书写字上比汉人强，在弓马骑射上也要比汉人强。你们都是朕的子嗣，朕说的对吗？"
}

2025-05-28 20:00:01,678 - INFO - result: {'result': '否', 'other': '我觉得大清几代先王奋斗不息，才有今天的海内一统。而今咱们满人入关也几十年了，但是前明余孽仍在，百姓人心不稳，阿哥们要记着这取天下，靠的是弓马骑射，但是治天下却要靠文教科举。', 'huang': '咱们满人的金戈铁马，虽然能灭掉前明的水陆三军，但是灭不掉汉人的千年文字，灭不掉诗词曲赋，灭不掉圣人之言。世子之心怎么办呢？学咱们满人要向汉人学，朕希望你们不光在读书写字上比汉人强，在弓马骑射上也要比汉人强。你们都是朕的子嗣，朕说的对吗？'}
2025-05-28 20:00:01,999 - INFO - 回答: ```json
{
  "result": "否",
  "other": "古之学者必有师，师者，所以传道授业解惑也。人非生而知之，孰能无惑。",
  "huang": "这是朕说的，朕问你这试卷写完了吗？"
}
```

解释：
- "古之学者必有师，师者，所以传道授业解惑也。人非生而知之，孰能无惑。" 这段话是引用的古文，没有错别字，保持原样。
- "这是皇上说的好，朕问你这试卷写完了吗？" 这段话中，“皇上说的好”改为“这是朕说的”，以符合皇上的口吻，其他部分没有错别字，保持原样。
- 由于这两段话的逻辑上并不是一个人和皇上的对话，因此返回 "否"。
2025-05-28 20:00:02,000 - INFO - --------------------------------------------------
2025-05-28 20:00:02,000 - INFO - clean_response: 
{
  "result": "否",
  "other": "古之学者必有师，师者，所以传道授业解惑也。人非生而知之，孰能无惑。",
  "huang": "这是朕说的，朕问你这试卷写完了吗？"
}
```

解释：
- "古之学者必有师，师者，所以传道授业解惑也。人非生而知之，孰能无惑。" 这段话是引用的古文，没有错别字，保持原样。
- "这是皇上说的好，朕问你这试卷写完了吗？" 这段话中，“皇上说的好”改为“这是朕说的”，以符合皇上的口吻，其他部分没有错别字，保持原样。
- 由于这两段话的逻辑上并不是一个人和皇上的对话，因此返回 "否"。
2025-05-28 20:00:04,610 - INFO - 回答: ```json
{
  "result": "否",
  "orther": "任子重鞋，这是皇上说的这么着吧。佟贵妃有两个皇子，二阿哥和三阿哥。待今儿文华殿停市之后，朕就下令让三阿哥玄烨入祭，称贤宫。",
  "huang": "任子重鞋，这是朕说的这么着吧。佟贵妃有两个皇子，二阿哥和三阿哥。待今儿文华殿停市之后，朕就下令让三阿哥玄烨入祭，称贤宫。"
}
```

### 解释：
1. **错别字修正**：
   - "二阿和三阿哥" 修改为 "二阿哥和三阿哥"。
   - "待今儿文华殿停市之后" 保持不变。
   - "朕就下令让三阿哥玄烨入祭，称贤宫" 保持不变。

2. **对话逻辑**：
   - 原文中的内容看起来像是皇上在说话，但开头的“任子重鞋，这是皇上说的这么着吧” 表示这可能是另一个人在转述皇上的话。因此，这两部分不是同一个人的对话，所以返回 "否"。
2025-05-28 20:00:04,612 - INFO - --------------------------------------------------
2025-05-28 20:00:04,613 - INFO - clean_response: 
{
  "result": "否",
  "orther": "任子重鞋，这是皇上说的这么着吧。佟贵妃有两个皇子，二阿哥和三阿哥。待今儿文华殿停市之后，朕就下令让三阿哥玄烨入祭，称贤宫。",
  "huang": "任子重鞋，这是朕说的这么着吧。佟贵妃有两个皇子，二阿哥和三阿哥。待今儿文华殿停市之后，朕就下令让三阿哥玄烨入祭，称贤宫。"
}
```

### 解释：
1. **错别字修正**：
   - "二阿和三阿哥" 修改为 "二阿哥和三阿哥"。
   - "待今儿文华殿停市之后" 保持不变。
   - "朕就下令让三阿哥玄烨入祭，称贤宫" 保持不变。

2. **对话逻辑**：
   - 原文中的内容看起来像是皇上在说话，但开头的“任子重鞋，这是皇上说的这么着吧” 表示这可能是另一个人在转述皇上的话。因此，这两部分不是同一个人的对话，所以返回 "否"。
2025-05-28 20:00:04,635 - INFO - 回答: ```json
{
  "result": "否",
  "other": "皇上口谕召三个玄月，太子少保未成魔接旨。今儿个辰时三刻，皇上在文华殿亲事，众阿哥学业召各位阿哥的师傅同往，不得迟误。皇上还说哪位阿哥学问好文章好，朕重赏。哪位阿哥荒废学业了，和师傅一同领罚，绝不宽贷。",
  "huang": "皇上口谕召三个玄月，太子少保未成魔接旨。今儿个辰时三刻，皇上在文华殿亲事，众阿哥学业召各位阿哥的师傅同往，不得迟误。皇上还说哪位阿哥学问好文章好，朕重赏。哪位阿哥荒废学业了，和师傅一同领罚，绝不宽贷。"
}
```

### 解释：
1. **result**: "否"，因为这段话看起来是皇上一个人的口谕，而不是与另一个人的对话。
2. **other**: 修改后的内容，修正了一些错别字和标点符号，使句子更加通顺。
3. **huang**: 修改后的内容，与"other"相同，因为这段话本身就是皇上的口谕。
2025-05-28 20:00:04,638 - INFO - --------------------------------------------------
2025-05-28 20:00:04,639 - INFO - clean_response: 
{
  "result": "否",
  "other": "皇上口谕召三个玄月，太子少保未成魔接旨。今儿个辰时三刻，皇上在文华殿亲事，众阿哥学业召各位阿哥的师傅同往，不得迟误。皇上还说哪位阿哥学问好文章好，朕重赏。哪位阿哥荒废学业了，和师傅一同领罚，绝不宽贷。",
  "huang": "皇上口谕召三个玄月，太子少保未成魔接旨。今儿个辰时三刻，皇上在文华殿亲事，众阿哥学业召各位阿哥的师傅同往，不得迟误。皇上还说哪位阿哥学问好文章好，朕重赏。哪位阿哥荒废学业了，和师傅一同领罚，绝不宽贷。"
}
```

### 解释：
1. **result**: "否"，因为这段话看起来是皇上一个人的口谕，而不是与另一个人的对话。
2. **other**: 修改后的内容，修正了一些错别字和标点符号，使句子更加通顺。
3. **huang**: 修改后的内容，与"other"相同，因为这段话本身就是皇上的口谕。
2025-05-28 20:00:04,649 - INFO - 所有问题处理完成
