2025-05-28 20:02:21,677 - INFO - 共读取 25 条问题记录
2025-05-28 20:02:26,637 - INFO - 回答: ```json
{
  "result": "是",
  "orther": "皇儿对皇阿玛方才的话又不解",
  "huang": "朕早就瞧出来了，你放胆说吧。"
}
```
2025-05-28 20:02:26,638 - INFO - --------------------------------------------------
2025-05-28 20:02:26,639 - INFO - clean_response: 
{
  "result": "是",
  "orther": "皇儿对皇阿玛方才的话又不解",
  "huang": "朕早就瞧出来了，你放胆说吧。"
}

2025-05-28 20:02:26,640 - INFO - result: {'result': '是', 'orther': '皇儿对皇阿玛方才的话又不解', 'huang': '朕早就瞧出来了，你放胆说吧。'}
2025-05-28 20:02:26,807 - INFO - 回答: ```json
{
  "result": "否",
  "orther": "嫔妾有个念头，想到白妃了。",
  "huang": "朕整个人都是你的，你想要什么？只管跟朕说。"
}
```
2025-05-28 20:02:26,807 - INFO - --------------------------------------------------
2025-05-28 20:02:26,807 - INFO - clean_response: 
{
  "result": "否",
  "orther": "嫔妾有个念头，想到白妃了。",
  "huang": "朕整个人都是你的，你想要什么？只管跟朕说。"
}

2025-05-28 20:02:26,808 - INFO - result: {'result': '否', 'orther': '嫔妾有个念头，想到白妃了。', 'huang': '朕整个人都是你的，你想要什么？只管跟朕说。'}
2025-05-28 20:02:26,809 - INFO - 回答: ```json
{
  "result": "否",
  "orther": "快点儿多浇点儿，一会儿给他活埋了。",
  "huang": "朕不想要，只愿与你白头到老。"
}
```
2025-05-28 20:02:26,809 - INFO - --------------------------------------------------
2025-05-28 20:02:26,809 - INFO - clean_response: 
{
  "result": "否",
  "orther": "快点儿多浇点儿，一会儿给他活埋了。",
  "huang": "朕不想要，只愿与你白头到老。"
}

2025-05-28 20:02:26,809 - INFO - result: {'result': '否', 'orther': '快点儿多浇点儿，一会儿给他活埋了。', 'huang': '朕不想要，只愿与你白头到老。'}
2025-05-28 20:02:26,910 - INFO - 回答: ```json
{
  "result": "否",
  "orther": "嫔妾知道自己的病是不可知的。",
  "huang": "嫔妾朕想做皇上的一根头发丝，永远的爱着皇上。"
}
```
2025-05-28 20:02:26,911 - INFO - --------------------------------------------------
2025-05-28 20:02:26,911 - INFO - clean_response: 
{
  "result": "否",
  "orther": "嫔妾知道自己的病是不可知的。",
  "huang": "嫔妾朕想做皇上的一根头发丝，永远的爱着皇上。"
}

2025-05-28 20:02:26,911 - INFO - result: {'result': '否', 'orther': '嫔妾知道自己的病是不可知的。', 'huang': '嫔妾朕想做皇上的一根头发丝，永远的爱着皇上。'}
2025-05-28 20:02:26,935 - INFO - 回答: ```json
{
  "result": "是",
  "orther": "皇上，嫔妾下辈子还想为皇上梳头。",
  "huang": "哎，对呀，朕和你一定会白头到老的。"
}
```
2025-05-28 20:02:26,936 - INFO - --------------------------------------------------
2025-05-28 20:02:26,936 - INFO - clean_response: 
{
  "result": "是",
  "orther": "皇上，嫔妾下辈子还想为皇上梳头。",
  "huang": "哎，对呀，朕和你一定会白头到老的。"
}

2025-05-28 20:02:26,936 - INFO - result: {'result': '是', 'orther': '皇上，嫔妾下辈子还想为皇上梳头。', 'huang': '哎，对呀，朕和你一定会白头到老的。'}
2025-05-28 20:02:27,290 - INFO - 回答: ```json
{
  "result": "否",
  "orther": "皇上的用意是，",
  "huang": "这些年来朕对世外空门心驰神往，而对于每日的朝政事务却感到精疲力竭呀。"
}
```
2025-05-28 20:02:27,291 - INFO - --------------------------------------------------
2025-05-28 20:02:27,292 - INFO - clean_response: 
{
  "result": "否",
  "orther": "皇上的用意是，",
  "huang": "这些年来朕对世外空门心驰神往，而对于每日的朝政事务却感到精疲力竭呀。"
}

2025-05-28 20:02:27,294 - INFO - result: {'result': '否', 'orther': '皇上的用意是，', 'huang': '这些年来朕对世外空门心驰神往，而对于每日的朝政事务却感到精疲力竭呀。'}
2025-05-28 20:02:27,365 - INFO - 回答: ```json
{
  "result": "否",
  "orther": "非但前世为僧，今世，早晚也会重归佛门。",
  "huang": "朕身为大清国君，虽然有心向佛，却无法超脱呀。"
}
```
2025-05-28 20:02:27,365 - INFO - --------------------------------------------------
2025-05-28 20:02:27,365 - INFO - clean_response: 
{
  "result": "否",
  "orther": "非但前世为僧，今世，早晚也会重归佛门。",
  "huang": "朕身为大清国君，虽然有心向佛，却无法超脱呀。"
}

2025-05-28 20:02:27,366 - INFO - result: {'result': '否', 'orther': '非但前世为僧，今世，早晚也会重归佛门。', 'huang': '朕身为大清国君，虽然有心向佛，却无法超脱呀。'}
2025-05-28 20:02:27,454 - INFO - 回答: ```json
{
  "result": "是",
  "orther": "娘娘她高烧不退，又是一夜未眠。",
  "huang": "爱妃啊，朕刚刚下朝就赶来看你，朕瞧你这气色比昨日好多了。"
}
```
2025-05-28 20:02:27,455 - INFO - --------------------------------------------------
2025-05-28 20:02:27,455 - INFO - clean_response: 
{
  "result": "是",
  "orther": "娘娘她高烧不退，又是一夜未眠。",
  "huang": "爱妃啊，朕刚刚下朝就赶来看你，朕瞧你这气色比昨日好多了。"
}

2025-05-28 20:02:27,455 - INFO - result: {'result': '是', 'orther': '娘娘她高烧不退，又是一夜未眠。', 'huang': '爱妃啊，朕刚刚下朝就赶来看你，朕瞧你这气色比昨日好多了。'}
2025-05-28 20:02:27,479 - INFO - 回答: ```json
{
  "result": "否",
  "orther": "那是因为皇上尘缘未断呢。",
  "huang": "哎，这地位是一把黄金锁呀。朕六岁登基，名为君临天下，实际上是被天下所困啊。"
}
```
2025-05-28 20:02:27,479 - INFO - --------------------------------------------------
2025-05-28 20:02:27,480 - INFO - clean_response: 
{
  "result": "否",
  "orther": "那是因为皇上尘缘未断呢。",
  "huang": "哎，这地位是一把黄金锁呀。朕六岁登基，名为君临天下，实际上是被天下所困啊。"
}

2025-05-28 20:02:27,480 - INFO - result: {'result': '否', 'orther': '那是因为皇上尘缘未断呢。', 'huang': '哎，这地位是一把黄金锁呀。朕六岁登基，名为君临天下，实际上是被天下所困啊。'}
2025-05-28 20:02:27,570 - INFO - 回答: ```json
{
  "result": "否",
  "orther": "我要饱饱的睡一觉，睡多久都别喊我。",
  "huang": "哈哈哈你累了哈，来来来，就在朕的龙椅上，歇会儿吧。去吧，"
}
```
2025-05-28 20:02:27,571 - INFO - --------------------------------------------------
2025-05-28 20:02:27,571 - INFO - clean_response: 
{
  "result": "否",
  "orther": "我要饱饱的睡一觉，睡多久都别喊我。",
  "huang": "哈哈哈你累了哈，来来来，就在朕的龙椅上，歇会儿吧。去吧，"
}

2025-05-28 20:02:27,572 - INFO - result: {'result': '否', 'orther': '我要饱饱的睡一觉，睡多久都别喊我。', 'huang': '哈哈哈你累了哈，来来来，就在朕的龙椅上，歇会儿吧。去吧，'}
2025-05-28 20:02:27,604 - INFO - 回答: ```json
{
  "result": "否",
  "orther": "古之学者必有师，师者，所以传道授业解惑也。人非生而知之，孰能无惑。",
  "huang": "朕问你这试卷写完了吗？"
}
```
2025-05-28 20:02:27,605 - INFO - --------------------------------------------------
2025-05-28 20:02:27,605 - INFO - clean_response: 
{
  "result": "否",
  "orther": "古之学者必有师，师者，所以传道授业解惑也。人非生而知之，孰能无惑。",
  "huang": "朕问你这试卷写完了吗？"
}

2025-05-28 20:02:27,606 - INFO - result: {'result': '否', 'orther': '古之学者必有师，师者，所以传道授业解惑也。人非生而知之，孰能无惑。', 'huang': '朕问你这试卷写完了吗？'}
2025-05-28 20:02:27,819 - INFO - 回答: ```json
{
  "result": "否",
  "orther": "离宫皇上是金轮王，转世命里有大善根，心中有大智慧天赋，佛性不学而自明，因而为天下至尊矣。",
  "huang": "朕前世就是一个僧人呢。"
}
```
2025-05-28 20:02:27,820 - INFO - --------------------------------------------------
2025-05-28 20:02:27,820 - INFO - clean_response: 
{
  "result": "否",
  "orther": "离宫皇上是金轮王，转世命里有大善根，心中有大智慧天赋，佛性不学而自明，因而为天下至尊矣。",
  "huang": "朕前世就是一个僧人呢。"
}

2025-05-28 20:02:27,821 - INFO - result: {'result': '否', 'orther': '离宫皇上是金轮王，转世命里有大善根，心中有大智慧天赋，佛性不学而自明，因而为天下至尊矣。', 'huang': '朕前世就是一个僧人呢。'}
2025-05-28 20:02:27,852 - INFO - 回答: ```json
{
  "result": "否",
  "orther": "任子重鞋",
  "huang": "佟贵妃有两个皇子，二阿哥和三阿哥。待今儿文华殿停市之后，朕就下令让三阿哥玄烨入祭，称贤宫。"
}
```
2025-05-28 20:02:27,853 - INFO - --------------------------------------------------
2025-05-28 20:02:27,854 - INFO - clean_response: 
{
  "result": "否",
  "orther": "任子重鞋",
  "huang": "佟贵妃有两个皇子，二阿哥和三阿哥。待今儿文华殿停市之后，朕就下令让三阿哥玄烨入祭，称贤宫。"
}

2025-05-28 20:02:27,856 - INFO - result: {'result': '否', 'orther': '任子重鞋', 'huang': '佟贵妃有两个皇子，二阿哥和三阿哥。待今儿文华殿停市之后，朕就下令让三阿哥玄烨入祭，称贤宫。'}
2025-05-28 20:02:27,901 - INFO - 回答: ```json
{
  "result": "否",
  "orther": "这些年来朕对世外空门心驰神往，而对于每日的朝政事务却感到精疲力竭呀。",
  "huang": "朕想预先遴选一位太子储君，以为有朝一日国脉不致中断。"
}
```
2025-05-28 20:02:27,903 - INFO - --------------------------------------------------
2025-05-28 20:02:27,904 - INFO - clean_response: 
{
  "result": "否",
  "orther": "这些年来朕对世外空门心驰神往，而对于每日的朝政事务却感到精疲力竭呀。",
  "huang": "朕想预先遴选一位太子储君，以为有朝一日国脉不致中断。"
}

2025-05-28 20:02:27,904 - INFO - result: {'result': '否', 'orther': '这些年来朕对世外空门心驰神往，而对于每日的朝政事务却感到精疲力竭呀。', 'huang': '朕想预先遴选一位太子储君，以为有朝一日国脉不致中断。'}
2025-05-28 20:02:28,195 - INFO - 回答: ```json
{
  "result": "是",
  "orther": "皇上，据贫僧所知，那张九龙榻乃乾明皇帝留下，几百年来未曾移动，皇上竟将它送给了三阿哥。贫僧真是无限感佩呀。",
  "huang": "朕偏偏就不想坐那张龙椅。"
}
```
2025-05-28 20:02:28,196 - INFO - --------------------------------------------------
2025-05-28 20:02:28,196 - INFO - clean_response: 
{
  "result": "是",
  "orther": "皇上，据贫僧所知，那张九龙榻乃乾明皇帝留下，几百年来未曾移动，皇上竟将它送给了三阿哥。贫僧真是无限感佩呀。",
  "huang": "朕偏偏就不想坐那张龙椅。"
}

2025-05-28 20:02:28,198 - INFO - result: {'result': '是', 'orther': '皇上，据贫僧所知，那张九龙榻乃乾明皇帝留下，几百年来未曾移动，皇上竟将它送给了三阿哥。贫僧真是无限感佩呀。', 'huang': '朕偏偏就不想坐那张龙椅。'}
2025-05-28 20:02:28,366 - INFO - 回答: ```json
{
  "result": "否",
  "orther": "皇上气色灿烂，依然光华飘逸呀。",
  "huang": "秦孙大师啊，朕今日为阿哥们平事，朕请你来是要你同场观事，暗中参读各位皇子的骨骼气象，看看谁最具有聪慧、福寿。"
}
```
2025-05-28 20:02:28,366 - INFO - --------------------------------------------------
2025-05-28 20:02:28,366 - INFO - clean_response: 
{
  "result": "否",
  "orther": "皇上气色灿烂，依然光华飘逸呀。",
  "huang": "秦孙大师啊，朕今日为阿哥们平事，朕请你来是要你同场观事，暗中参读各位皇子的骨骼气象，看看谁最具有聪慧、福寿。"
}

2025-05-28 20:02:28,366 - INFO - result: {'result': '否', 'orther': '皇上气色灿烂，依然光华飘逸呀。', 'huang': '秦孙大师啊，朕今日为阿哥们平事，朕请你来是要你同场观事，暗中参读各位皇子的骨骼气象，看看谁最具有聪慧、福寿。'}
2025-05-28 20:02:28,442 - INFO - 回答: ```json
{
  "result": "是",
  "orther": "这是其他说的，这是黄说的",
  "huang": "所以朕为你们聘得的师傅全是汉人，也全是当今的饱学名士。今日谁考得好？师徒共赏谁？学业不精，师生共同领罪。你有什么话要说吗？"
}
```
2025-05-28 20:02:28,442 - INFO - --------------------------------------------------
2025-05-28 20:02:28,443 - INFO - clean_response: 
{
  "result": "是",
  "orther": "这是其他说的，这是黄说的",
  "huang": "所以朕为你们聘得的师傅全是汉人，也全是当今的饱学名士。今日谁考得好？师徒共赏谁？学业不精，师生共同领罪。你有什么话要说吗？"
}

2025-05-28 20:02:28,443 - INFO - result: {'result': '是', 'orther': '这是其他说的，这是黄说的', 'huang': '所以朕为你们聘得的师傅全是汉人，也全是当今的饱学名士。今日谁考得好？师徒共赏谁？学业不精，师生共同领罪。你有什么话要说吗？'}
2025-05-28 20:02:28,826 - INFO - 回答: ```json
{
  "result": "否",
  "orther": "你别哭了，你呀哼真是的，别哭，跟我走。",
  "huang": "来人啊，再拿几杯酒来，爱的就是玄烨，不要监督他。来人啊，把龙羽抬往承乾宫，是皇上的承乾宫，可是额娘的寝宫啊，朕知道。"
}
```
2025-05-28 20:02:28,827 - INFO - --------------------------------------------------
2025-05-28 20:02:28,828 - INFO - clean_response: 
{
  "result": "否",
  "orther": "你别哭了，你呀哼真是的，别哭，跟我走。",
  "huang": "来人啊，再拿几杯酒来，爱的就是玄烨，不要监督他。来人啊，把龙羽抬往承乾宫，是皇上的承乾宫，可是额娘的寝宫啊，朕知道。"
}

2025-05-28 20:02:28,829 - INFO - result: {'result': '否', 'orther': '你别哭了，你呀哼真是的，别哭，跟我走。', 'huang': '来人啊，再拿几杯酒来，爱的就是玄烨，不要监督他。来人啊，把龙羽抬往承乾宫，是皇上的承乾宫，可是额娘的寝宫啊，朕知道。'}
2025-05-28 20:02:28,945 - INFO - 回答: ```json
{
  "result": "是",
  "orther": "嫔妾最大的憾事，就是没给皇上生个皇子。因此嫔妾虽然受皇上宠，可每日每夜每时每刻都像是偷生的，一不留神就会灰飞烟灭。",
  "huang": "太妃，等你病好以后，朕夜夜和你同宿，一定会让你怀上龙种的。"
}
```
2025-05-28 20:02:28,946 - INFO - --------------------------------------------------
2025-05-28 20:02:28,947 - INFO - clean_response: 
{
  "result": "是",
  "orther": "嫔妾最大的憾事，就是没给皇上生个皇子。因此嫔妾虽然受皇上宠，可每日每夜每时每刻都像是偷生的，一不留神就会灰飞烟灭。",
  "huang": "太妃，等你病好以后，朕夜夜和你同宿，一定会让你怀上龙种的。"
}

2025-05-28 20:02:28,948 - INFO - result: {'result': '是', 'orther': '嫔妾最大的憾事，就是没给皇上生个皇子。因此嫔妾虽然受皇上宠，可每日每夜每时每刻都像是偷生的，一不留神就会灰飞烟灭。', 'huang': '太妃，等你病好以后，朕夜夜和你同宿，一定会让你怀上龙种的。'}
2025-05-28 20:02:29,215 - INFO - 回答: ```json
{
  "result": "是",
  "orther": "现在来看一下这个内容，这个是orther说的下笔。之前已有成竹在胸，请坐，这阿哥们你们都记着好文章，不在笔墨上，而在心坎上，有笔下才有得人心，便垂千古吗？",
  "huang": "学爷啊，朕点你为廷试的头名，你要何赏赐啊？"
}
```
2025-05-28 20:02:29,216 - INFO - --------------------------------------------------
2025-05-28 20:02:29,217 - INFO - clean_response: 
{
  "result": "是",
  "orther": "现在来看一下这个内容，这个是orther说的下笔。之前已有成竹在胸，请坐，这阿哥们你们都记着好文章，不在笔墨上，而在心坎上，有笔下才有得人心，便垂千古吗？",
  "huang": "学爷啊，朕点你为廷试的头名，你要何赏赐啊？"
}

2025-05-28 20:02:29,217 - INFO - result: {'result': '是', 'orther': '现在来看一下这个内容，这个是orther说的下笔。之前已有成竹在胸，请坐，这阿哥们你们都记着好文章，不在笔墨上，而在心坎上，有笔下才有得人心，便垂千古吗？', 'huang': '学爷啊，朕点你为廷试的头名，你要何赏赐啊？'}
2025-05-28 20:02:29,331 - INFO - 回答: ```json
{
  "result": "是",
  "orther": "阿哥们都是天之骄子，贫僧只怕眼力不及呀。何况太子储君乃国之大事，僧人更是不敢唐突啊。",
  "huang": "大师就不要谦虚了，说穿了，朕只是让你看一看，看一看谁最具有聪慧。福寿，看看谁的命脉最硬，谁的佛缘最厚，别的你就不用管了。"
}
```
2025-05-28 20:02:29,332 - INFO - --------------------------------------------------
2025-05-28 20:02:29,332 - INFO - clean_response: 
{
  "result": "是",
  "orther": "阿哥们都是天之骄子，贫僧只怕眼力不及呀。何况太子储君乃国之大事，僧人更是不敢唐突啊。",
  "huang": "大师就不要谦虚了，说穿了，朕只是让你看一看，看一看谁最具有聪慧。福寿，看看谁的命脉最硬，谁的佛缘最厚，别的你就不用管了。"
}

2025-05-28 20:02:29,333 - INFO - result: {'result': '是', 'orther': '阿哥们都是天之骄子，贫僧只怕眼力不及呀。何况太子储君乃国之大事，僧人更是不敢唐突啊。', 'huang': '大师就不要谦虚了，说穿了，朕只是让你看一看，看一看谁最具有聪慧。福寿，看看谁的命脉最硬，谁的佛缘最厚，别的你就不用管了。'}
2025-05-28 20:02:29,445 - INFO - 回答: ```json
{
  "result": "否",
  "orther": "皇上口谕召三个玄月，太子少保未成魔接旨。",
  "huang": "今儿个辰时三刻，皇上在文华殿亲事，众阿哥学业召各位阿哥的师傅同往，不得迟误。皇上还说哪位阿哥学问好文章好，朕重赏。哪位阿哥荒废学业了，和师傅一同领罚，绝不宽容。"
}
```
2025-05-28 20:02:29,446 - INFO - --------------------------------------------------
2025-05-28 20:02:29,446 - INFO - clean_response: 
{
  "result": "否",
  "orther": "皇上口谕召三个玄月，太子少保未成魔接旨。",
  "huang": "今儿个辰时三刻，皇上在文华殿亲事，众阿哥学业召各位阿哥的师傅同往，不得迟误。皇上还说哪位阿哥学问好文章好，朕重赏。哪位阿哥荒废学业了，和师傅一同领罚，绝不宽容。"
}

2025-05-28 20:02:29,447 - INFO - result: {'result': '否', 'orther': '皇上口谕召三个玄月，太子少保未成魔接旨。', 'huang': '今儿个辰时三刻，皇上在文华殿亲事，众阿哥学业召各位阿哥的师傅同往，不得迟误。皇上还说哪位阿哥学问好文章好，朕重赏。哪位阿哥荒废学业了，和师傅一同领罚，绝不宽容。'}
2025-05-28 20:02:30,189 - INFO - 回答: ```json
{
  "result": "是",
  "orther": "谢皇上阿哥们。",
  "huang": "朕好生羡慕你们呢。朕像你们这么大的时候，就不得不登上皇位。从此以后啊，表面上是管理天下，可实际上呢是被天下管制。不像你们可以两耳不闻窗外事，一心只读圣贤书，好读书入席吧。谢文皇阿哥是天上的星星地上的龙脉，寻常百姓不好好读书，只怪他一个皇阿哥，不好好读书就坏了一方天下是不是啊？"
}
```
2025-05-28 20:02:30,191 - INFO - --------------------------------------------------
2025-05-28 20:02:30,192 - INFO - clean_response: 
{
  "result": "是",
  "orther": "谢皇上阿哥们。",
  "huang": "朕好生羡慕你们呢。朕像你们这么大的时候，就不得不登上皇位。从此以后啊，表面上是管理天下，可实际上呢是被天下管制。不像你们可以两耳不闻窗外事，一心只读圣贤书，好读书入席吧。谢文皇阿哥是天上的星星地上的龙脉，寻常百姓不好好读书，只怪他一个皇阿哥，不好好读书就坏了一方天下是不是啊？"
}

2025-05-28 20:02:30,193 - INFO - result: {'result': '是', 'orther': '谢皇上阿哥们。', 'huang': '朕好生羡慕你们呢。朕像你们这么大的时候，就不得不登上皇位。从此以后啊，表面上是管理天下，可实际上呢是被天下管制。不像你们可以两耳不闻窗外事，一心只读圣贤书，好读书入席吧。谢文皇阿哥是天上的星星地上的龙脉，寻常百姓不好好读书，只怪他一个皇阿哥，不好好读书就坏了一方天下是不是啊？'}
2025-05-28 20:02:31,163 - INFO - 回答: ```json
{
  "result": "是",
  "orther": "儿臣认为，咱们学习诗词曲赋圣人之言，不是因为灭不掉他才学，而是因为他也是天道。",
  "huang": "这是谁教你的？为臣所教。来人啊，撤去进正，朕罚你站着应试这罚。魏成魔半年的俸禄，微臣领罚，但微臣不知何罪，望皇上明示。你师徒俩可真是硬朗啊。阵罚，你们还要问个为什么？好，等朕停尸完以后，即告诉你们，为什么。玄烨若是学无所长，朕必罚，你误导之罪。"
}
```
2025-05-28 20:02:31,164 - INFO - --------------------------------------------------
2025-05-28 20:02:31,165 - INFO - clean_response: 
{
  "result": "是",
  "orther": "儿臣认为，咱们学习诗词曲赋圣人之言，不是因为灭不掉他才学，而是因为他也是天道。",
  "huang": "这是谁教你的？为臣所教。来人啊，撤去进正，朕罚你站着应试这罚。魏成魔半年的俸禄，微臣领罚，但微臣不知何罪，望皇上明示。你师徒俩可真是硬朗啊。阵罚，你们还要问个为什么？好，等朕停尸完以后，即告诉你们，为什么。玄烨若是学无所长，朕必罚，你误导之罪。"
}

2025-05-28 20:02:31,166 - INFO - result: {'result': '是', 'orther': '儿臣认为，咱们学习诗词曲赋圣人之言，不是因为灭不掉他才学，而是因为他也是天道。', 'huang': '这是谁教你的？为臣所教。来人啊，撤去进正，朕罚你站着应试这罚。魏成魔半年的俸禄，微臣领罚，但微臣不知何罪，望皇上明示。你师徒俩可真是硬朗啊。阵罚，你们还要问个为什么？好，等朕停尸完以后，即告诉你们，为什么。玄烨若是学无所长，朕必罚，你误导之罪。'}
2025-05-28 20:02:32,261 - INFO - 回答: ```json
{
  "result": "是",
  "orther": "我觉得大清几代先王奋斗不息，才有今天的海内一统。而今咱们满人入关也几十年了，但是前明余孽仍在，百姓人心不稳，阿哥们要记着这取天下，靠的是弓马骑射，但是治天下却要靠文教科举。",
  "huang": "咱们满人的金戈铁马，虽然能灭掉前明的水陆三军，但是灭不掉汉人的千年文字，灭不掉诗词曲赋，灭不掉圣人之言。世子之心，怎么办呢？学咱们满人要向汉人学，朕希望你们不光在读书写字上比汉人强，在弓马骑射上也要比汉人强。你们都是汉人，朕说的对吗？"
}
```
2025-05-28 20:02:32,261 - INFO - --------------------------------------------------
2025-05-28 20:02:32,262 - INFO - clean_response: 
{
  "result": "是",
  "orther": "我觉得大清几代先王奋斗不息，才有今天的海内一统。而今咱们满人入关也几十年了，但是前明余孽仍在，百姓人心不稳，阿哥们要记着这取天下，靠的是弓马骑射，但是治天下却要靠文教科举。",
  "huang": "咱们满人的金戈铁马，虽然能灭掉前明的水陆三军，但是灭不掉汉人的千年文字，灭不掉诗词曲赋，灭不掉圣人之言。世子之心，怎么办呢？学咱们满人要向汉人学，朕希望你们不光在读书写字上比汉人强，在弓马骑射上也要比汉人强。你们都是汉人，朕说的对吗？"
}

2025-05-28 20:02:32,262 - INFO - result: {'result': '是', 'orther': '我觉得大清几代先王奋斗不息，才有今天的海内一统。而今咱们满人入关也几十年了，但是前明余孽仍在，百姓人心不稳，阿哥们要记着这取天下，靠的是弓马骑射，但是治天下却要靠文教科举。', 'huang': '咱们满人的金戈铁马，虽然能灭掉前明的水陆三军，但是灭不掉汉人的千年文字，灭不掉诗词曲赋，灭不掉圣人之言。世子之心，怎么办呢？学咱们满人要向汉人学，朕希望你们不光在读书写字上比汉人强，在弓马骑射上也要比汉人强。你们都是汉人，朕说的对吗？'}
2025-05-28 20:02:32,265 - INFO - 所有问题处理完成
